2025-10-24 11:07:50,840 [Worker-6: Loading available Gradle versions] INFO  o.e.b.c.i.u.g.PublishedGradleVersions - Gradle version information cache is out-of-date. Trying to update.
2025-10-24 11:23:48,034 [Worker-11: Loading available Gradle versions] INFO  o.e.b.c.i.u.g.PublishedGradleVersions - Gradle version information cache is up-to-date. Trying to read.
2025-10-24 14:31:39,190 [Worker-2: Loading available Gradle versions] INFO  o.e.b.c.i.u.g.PublishedGradleVersions - Gradle version information cache is up-to-date. Trying to read.
2025-10-25 11:23:31,378 [Worker-6: Loading available Gradle versions] INFO  o.e.b.c.i.u.g.PublishedGradleVersions - Gradle version information cache is out-of-date. Trying to update.
2025-10-27 10:46:25,904 [Worker-8: Loading available Gradle versions] INFO  o.e.b.c.i.u.g.PublishedGradleVersions - Gradle version information cache is out-of-date. Trying to update.
2025-10-30 09:23:35,908 [Worker-4: Loading available Gradle versions] INFO  o.e.b.c.i.u.g.PublishedGradleVersions - Gradle version information cache is out-of-date. Trying to update.
2025-10-30 11:30:57,719 [Worker-4: Loading available Gradle versions] INFO  o.e.b.c.i.u.g.PublishedGradleVersions - Gradle version information cache is up-to-date. Trying to read.
2025-10-30 15:24:15,929 [Worker-5: Loading available Gradle versions] INFO  o.e.b.c.i.u.g.PublishedGradleVersions - Gradle version information cache is up-to-date. Trying to read.
2025-10-31 09:29:26,938 [Worker-7: Loading available Gradle versions] INFO  o.e.b.c.i.u.g.PublishedGradleVersions - Gradle version information cache is out-of-date. Trying to update.
2025-10-31 15:42:04,215 [Worker-6: Loading available Gradle versions] INFO  o.e.b.c.i.u.g.PublishedGradleVersions - Gradle version information cache is up-to-date. Trying to read.
2025-10-31 15:45:51,717 [Worker-7: Loading available Gradle versions] INFO  o.e.b.c.i.u.g.PublishedGradleVersions - Gradle version information cache is up-to-date. Trying to read.
2025-11-01 09:26:37,398 [Worker-6: Loading available Gradle versions] INFO  o.e.b.c.i.u.g.PublishedGradleVersions - Gradle version information cache is up-to-date. Trying to read.
2025-11-06 09:21:52,990 [Worker-8: Loading available Gradle versions] INFO  o.e.b.c.i.u.g.PublishedGradleVersions - Gradle version information cache is out-of-date. Trying to update.
2025-11-07 11:20:22,240 [Worker-8: Loading available Gradle versions] INFO  o.e.b.c.i.u.g.PublishedGradleVersions - Gradle version information cache is out-of-date. Trying to update.
2025-11-07 11:23:47,141 [Worker-23: Creating project "BackingAppTrain"] INFO  o.e.m.c.i.e.AbstractTransferListenerAdapter - Downloading https://repo.maven.apache.org/maven2/org/apache/maven/plugins/maven-install-plugin/3.1.1/maven-install-plugin-3.1.1.jar
2025-11-07 11:23:47,178 [Worker-23: Creating project "BackingAppTrain"] INFO  o.e.m.c.i.e.AbstractTransferListenerAdapter - Downloaded https://repo.maven.apache.org/maven2/org/apache/maven/plugins/maven-install-plugin/3.1.1/maven-install-plugin-3.1.1.jar
2025-11-07 11:23:47,289 [Worker-23: Creating project "BackingAppTrain"] INFO  o.e.m.c.i.e.AbstractTransferListenerAdapter - Downloading https://repo.maven.apache.org/maven2/org/apache/maven/plugins/maven-deploy-plugin/3.1.1/maven-deploy-plugin-3.1.1.jar
2025-11-07 11:23:47,310 [Worker-23: Creating project "BackingAppTrain"] INFO  o.e.m.c.i.e.AbstractTransferListenerAdapter - Downloaded https://repo.maven.apache.org/maven2/org/apache/maven/plugins/maven-deploy-plugin/3.1.1/maven-deploy-plugin-3.1.1.jar
2025-11-07 11:23:48,076 [Worker-23: Creating project "BackingAppTrain"] INFO  o.e.m.c.i.l.LifecycleMappingFactory - Using org.eclipse.m2e.jdt.JarLifecycleMapping lifecycle mapping for MavenProject: BackingAppTrain:BackingAppTrain:0.0.1-SNAPSHOT @ C:\Users\sriha\eclipse-workspace\BackingAppTrain\pom.xml.
2025-11-07 11:23:48,968 [Worker-23: Creating project "BackingAppTrain"] INFO  o.e.m.j.i.AbstractJavaProjectConfigurator - Adding source folder /BackingAppTrain/src/main/java
2025-11-07 11:23:48,972 [Worker-23: Creating project "BackingAppTrain"] INFO  o.e.m.j.i.AbstractJavaProjectConfigurator - Adding resource folder /BackingAppTrain/src/main/resources
2025-11-07 11:23:48,973 [Worker-23: Creating project "BackingAppTrain"] INFO  o.e.m.j.i.AbstractJavaProjectConfigurator - Adding source folder /BackingAppTrain/src/test/java
2025-11-07 11:23:48,974 [Worker-23: Creating project "BackingAppTrain"] INFO  o.e.m.j.i.AbstractJavaProjectConfigurator - Adding resource folder /BackingAppTrain/src/test/resources
2025-11-07 11:23:49,449 [Worker-31: Building] WARN  o.a.m.s.f.DefaultMavenResourcesFiltering - Using platform encoding (UTF-8 actually) to copy filtered resources, i.e. build is platform dependent!
2025-11-07 11:23:49,455 [Worker-31: Building] INFO  o.a.m.s.f.DefaultMavenResourcesFiltering - Copying 0 resource from src\main\resources to target\classes
2025-11-07 11:23:49,459 [Worker-31: Building] WARN  o.a.m.s.f.DefaultMavenResourcesFiltering - Using platform encoding (UTF-8 actually) to copy filtered resources, i.e. build is platform dependent!
2025-11-07 11:23:49,461 [Worker-31: Building] INFO  o.a.m.s.f.DefaultMavenResourcesFiltering - Copying 0 resource from src\test\resources to target\test-classes
2025-11-07 11:57:56,059 [Worker-35: Building] WARN  o.a.m.s.f.DefaultMavenResourcesFiltering - Using platform encoding (UTF-8 actually) to copy filtered resources, i.e. build is platform dependent!
2025-11-07 11:57:56,064 [Worker-35: Building] INFO  o.a.m.s.f.DefaultMavenResourcesFiltering - Copying 0 resource from src\main\resources to target\classes
2025-11-07 11:57:56,070 [Worker-35: Building] WARN  o.a.m.s.f.DefaultMavenResourcesFiltering - Using platform encoding (UTF-8 actually) to copy filtered resources, i.e. build is platform dependent!
2025-11-07 11:57:56,071 [Worker-35: Building] INFO  o.a.m.s.f.DefaultMavenResourcesFiltering - Copying 0 resource from src\test\resources to target\test-classes
2025-11-07 12:03:58,331 [Worker-37: Building] WARN  o.a.m.s.f.DefaultMavenResourcesFiltering - Using platform encoding (UTF-8 actually) to copy filtered resources, i.e. build is platform dependent!
2025-11-07 12:03:58,332 [Worker-37: Building] INFO  o.a.m.s.f.DefaultMavenResourcesFiltering - Copying 0 resource from src\main\resources to target\classes
2025-11-07 12:03:58,336 [Worker-37: Building] WARN  o.a.m.s.f.DefaultMavenResourcesFiltering - Using platform encoding (UTF-8 actually) to copy filtered resources, i.e. build is platform dependent!
2025-11-07 12:03:58,338 [Worker-37: Building] INFO  o.a.m.s.f.DefaultMavenResourcesFiltering - Copying 0 resource from src\test\resources to target\test-classes
2025-11-07 12:14:23,326 [Worker-41: Creating project "Maven2"] INFO  o.e.m.c.i.l.LifecycleMappingFactory - Using org.eclipse.m2e.jdt.JarLifecycleMapping lifecycle mapping for MavenProject: Maven2:Maven2:0.0.1-SNAPSHOT @ C:\Users\sriha\eclipse-workspace\Maven2\pom.xml.
2025-11-07 12:14:23,413 [Worker-41: Creating project "Maven2"] INFO  o.e.m.j.i.AbstractJavaProjectConfigurator - Adding source folder /Maven2/src/main/java
2025-11-07 12:14:23,415 [Worker-41: Creating project "Maven2"] INFO  o.e.m.j.i.AbstractJavaProjectConfigurator - Adding resource folder /Maven2/src/main/resources
2025-11-07 12:14:23,416 [Worker-41: Creating project "Maven2"] INFO  o.e.m.j.i.AbstractJavaProjectConfigurator - Adding source folder /Maven2/src/test/java
2025-11-07 12:14:23,417 [Worker-41: Creating project "Maven2"] INFO  o.e.m.j.i.AbstractJavaProjectConfigurator - Adding resource folder /Maven2/src/test/resources
2025-11-07 12:14:23,718 [Worker-42: Building] WARN  o.a.m.s.f.DefaultMavenResourcesFiltering - Using platform encoding (UTF-8 actually) to copy filtered resources, i.e. build is platform dependent!
2025-11-07 12:14:23,720 [Worker-42: Building] INFO  o.a.m.s.f.DefaultMavenResourcesFiltering - Copying 0 resource from src\main\resources to target\classes
2025-11-07 12:14:23,725 [Worker-42: Building] WARN  o.a.m.s.f.DefaultMavenResourcesFiltering - Using platform encoding (UTF-8 actually) to copy filtered resources, i.e. build is platform dependent!
2025-11-07 12:14:23,726 [Worker-42: Building] INFO  o.a.m.s.f.DefaultMavenResourcesFiltering - Copying 0 resource from src\test\resources to target\test-classes
2025-11-07 12:15:10,639 [Worker-43: Building] WARN  o.a.m.s.f.DefaultMavenResourcesFiltering - Using platform encoding (UTF-8 actually) to copy filtered resources, i.e. build is platform dependent!
2025-11-07 12:15:10,641 [Worker-43: Building] INFO  o.a.m.s.f.DefaultMavenResourcesFiltering - Copying 0 resource from src\main\resources to target\classes
2025-11-07 12:15:10,643 [Worker-43: Building] WARN  o.a.m.s.f.DefaultMavenResourcesFiltering - Using platform encoding (UTF-8 actually) to copy filtered resources, i.e. build is platform dependent!
2025-11-07 12:15:10,645 [Worker-43: Building] INFO  o.a.m.s.f.DefaultMavenResourcesFiltering - Copying 0 resource from src\test\resources to target\test-classes
2025-11-07 12:16:55,852 [Worker-43: Building] WARN  o.a.m.s.f.DefaultMavenResourcesFiltering - Using platform encoding (UTF-8 actually) to copy filtered resources, i.e. build is platform dependent!
2025-11-07 12:16:55,855 [Worker-43: Building] INFO  o.a.m.s.f.DefaultMavenResourcesFiltering - Copying 0 resource from src\main\resources to target\classes
2025-11-07 12:16:55,858 [Worker-43: Building] WARN  o.a.m.s.f.DefaultMavenResourcesFiltering - Using platform encoding (UTF-8 actually) to copy filtered resources, i.e. build is platform dependent!
2025-11-07 12:16:55,860 [Worker-43: Building] INFO  o.a.m.s.f.DefaultMavenResourcesFiltering - Copying 0 resource from src\test\resources to target\test-classes
2025-11-07 12:47:12,384 [Worker-44: Building] INFO  o.e.m.c.i.l.LifecycleMappingFactory - Using org.eclipse.m2e.jdt.JarLifecycleMapping lifecycle mapping for MavenProject: Maven2:Maven2:0.0.1-SNAPSHOT @ C:\Users\sriha\eclipse-workspace\Maven2\pom.xml.
2025-11-07 12:47:12,599 [Worker-44: Building] INFO  o.e.m.c.i.e.AbstractTransferListenerAdapter - Downloading https://repo.maven.apache.org/maven2/org/apache/logging/log4j/log4j-core/2.22.0/log4j-core-2.22.0.pom
2025-11-07 12:47:12,605 [Worker-44: Building] INFO  o.e.m.c.i.e.AbstractTransferListenerAdapter - Downloaded https://repo.maven.apache.org/maven2/org/apache/logging/log4j/log4j-core/2.22.0/log4j-core-2.22.0.pom
2025-11-07 12:47:12,668 [Worker-44: Building] INFO  o.e.m.c.i.e.AbstractTransferListenerAdapter - Downloading https://repo.maven.apache.org/maven2/org/apache/logging/log4j/log4j/2.22.0/log4j-2.22.0.pom
2025-11-07 12:47:12,674 [Worker-44: Building] INFO  o.e.m.c.i.e.AbstractTransferListenerAdapter - Downloaded https://repo.maven.apache.org/maven2/org/apache/logging/log4j/log4j/2.22.0/log4j-2.22.0.pom
2025-11-07 12:47:12,741 [Worker-44: Building] INFO  o.e.m.c.i.e.AbstractTransferListenerAdapter - Downloading https://repo.maven.apache.org/maven2/org/apache/logging/log4j/log4j-bom/2.22.0/log4j-bom-2.22.0.pom
2025-11-07 12:47:12,746 [Worker-44: Building] INFO  o.e.m.c.i.e.AbstractTransferListenerAdapter - Downloaded https://repo.maven.apache.org/maven2/org/apache/logging/log4j/log4j-bom/2.22.0/log4j-bom-2.22.0.pom
2025-11-07 12:47:12,825 [Worker-44: Building] INFO  o.e.m.c.i.e.AbstractTransferListenerAdapter - Downloading https://repo.maven.apache.org/maven2/org/apache/logging/logging-parent/10.4.0/logging-parent-10.4.0.pom
2025-11-07 12:47:12,833 [Worker-44: Building] INFO  o.e.m.c.i.e.AbstractTransferListenerAdapter - Downloaded https://repo.maven.apache.org/maven2/org/apache/logging/logging-parent/10.4.0/logging-parent-10.4.0.pom
2025-11-07 12:47:12,912 [Worker-44: Building] INFO  o.e.m.c.i.e.AbstractTransferListenerAdapter - Downloading https://repo.maven.apache.org/maven2/org/codehaus/groovy/groovy-bom/3.0.19/groovy-bom-3.0.19.pom
2025-11-07 12:47:12,918 [Worker-44: Building] INFO  o.e.m.c.i.e.AbstractTransferListenerAdapter - Downloaded https://repo.maven.apache.org/maven2/org/codehaus/groovy/groovy-bom/3.0.19/groovy-bom-3.0.19.pom
2025-11-07 12:47:12,985 [Worker-44: Building] INFO  o.e.m.c.i.e.AbstractTransferListenerAdapter - Downloading https://repo.maven.apache.org/maven2/com/fasterxml/jackson/jackson-bom/2.16.0/jackson-bom-2.16.0.pom
2025-11-07 12:47:12,989 [Worker-44: Building] INFO  o.e.m.c.i.e.AbstractTransferListenerAdapter - Downloaded https://repo.maven.apache.org/maven2/com/fasterxml/jackson/jackson-bom/2.16.0/jackson-bom-2.16.0.pom
2025-11-07 12:47:13,058 [Worker-44: Building] INFO  o.e.m.c.i.e.AbstractTransferListenerAdapter - Downloading https://repo.maven.apache.org/maven2/com/fasterxml/jackson/jackson-parent/2.16/jackson-parent-2.16.pom
2025-11-07 12:47:13,074 [Worker-44: Building] INFO  o.e.m.c.i.e.AbstractTransferListenerAdapter - Downloaded https://repo.maven.apache.org/maven2/com/fasterxml/jackson/jackson-parent/2.16/jackson-parent-2.16.pom
2025-11-07 12:47:13,149 [Worker-44: Building] INFO  o.e.m.c.i.e.AbstractTransferListenerAdapter - Downloading https://repo.maven.apache.org/maven2/com/fasterxml/oss-parent/56/oss-parent-56.pom
2025-11-07 12:47:13,163 [Worker-44: Building] INFO  o.e.m.c.i.e.AbstractTransferListenerAdapter - Downloaded https://repo.maven.apache.org/maven2/com/fasterxml/oss-parent/56/oss-parent-56.pom
2025-11-07 12:47:13,286 [Worker-44: Building] INFO  o.e.m.c.i.e.AbstractTransferListenerAdapter - Downloading https://repo.maven.apache.org/maven2/org/eclipse/jetty/jetty-bom/9.4.53.v20231009/jetty-bom-9.4.53.v20231009.pom
2025-11-07 12:47:13,295 [Worker-44: Building] INFO  o.e.m.c.i.e.AbstractTransferListenerAdapter - Downloaded https://repo.maven.apache.org/maven2/org/eclipse/jetty/jetty-bom/9.4.53.v20231009/jetty-bom-9.4.53.v20231009.pom
2025-11-07 12:47:13,352 [Worker-44: Building] INFO  o.e.m.c.i.e.AbstractTransferListenerAdapter - Downloading https://repo.maven.apache.org/maven2/io/fabric8/kubernetes-client-bom/5.12.4/kubernetes-client-bom-5.12.4.pom
2025-11-07 12:47:13,358 [Worker-44: Building] INFO  o.e.m.c.i.e.AbstractTransferListenerAdapter - Downloaded https://repo.maven.apache.org/maven2/io/fabric8/kubernetes-client-bom/5.12.4/kubernetes-client-bom-5.12.4.pom
2025-11-07 12:47:13,434 [Worker-44: Building] INFO  o.e.m.c.i.e.AbstractTransferListenerAdapter - Downloading https://repo.maven.apache.org/maven2/io/netty/netty-bom/4.1.101.Final/netty-bom-4.1.101.Final.pom
2025-11-07 12:47:13,438 [Worker-44: Building] INFO  o.e.m.c.i.e.AbstractTransferListenerAdapter - Downloaded https://repo.maven.apache.org/maven2/io/netty/netty-bom/4.1.101.Final/netty-bom-4.1.101.Final.pom
2025-11-07 12:47:13,499 [Worker-44: Building] INFO  o.e.m.c.i.e.AbstractTransferListenerAdapter - Downloading https://repo.maven.apache.org/maven2/org/springframework/spring-framework-bom/5.3.31/spring-framework-bom-5.3.31.pom
2025-11-07 12:47:13,506 [Worker-44: Building] INFO  o.e.m.c.i.e.AbstractTransferListenerAdapter - Downloaded https://repo.maven.apache.org/maven2/org/springframework/spring-framework-bom/5.3.31/spring-framework-bom-5.3.31.pom
2025-11-07 12:47:13,581 [Worker-44: Building] INFO  o.e.m.c.i.e.AbstractTransferListenerAdapter - Downloading https://repo.maven.apache.org/maven2/org/apache/logging/log4j/log4j-api/2.22.0/log4j-api-2.22.0.pom
2025-11-07 12:47:13,587 [Worker-44: Building] INFO  o.e.m.c.i.e.AbstractTransferListenerAdapter - Downloaded https://repo.maven.apache.org/maven2/org/apache/logging/log4j/log4j-api/2.22.0/log4j-api-2.22.0.pom
2025-11-07 12:47:13,661 [Worker-44: Building] INFO  o.e.m.c.i.e.AbstractTransferListenerAdapter - Downloading https://repo.maven.apache.org/maven2/org/apache/logging/log4j/log4j-core/2.22.0/log4j-core-2.22.0.jar
2025-11-07 12:47:13,790 [Worker-44: Building] INFO  o.e.m.c.i.e.AbstractTransferListenerAdapter - Downloaded https://repo.maven.apache.org/maven2/org/apache/logging/log4j/log4j-core/2.22.0/log4j-core-2.22.0.jar
2025-11-07 12:47:13,852 [BasicRepositoryConnector-repo.maven.apache.org-0-0] INFO  o.e.m.c.i.e.AbstractTransferListenerAdapter - Downloading https://repo.maven.apache.org/maven2/org/apache/logging/log4j/log4j-api/2.22.0/log4j-api-2.22.0.jar
2025-11-07 12:47:13,867 [BasicRepositoryConnector-repo.maven.apache.org-0-0] INFO  o.e.m.c.i.e.AbstractTransferListenerAdapter - Downloaded https://repo.maven.apache.org/maven2/org/apache/logging/log4j/log4j-api/2.22.0/log4j-api-2.22.0.jar
2025-11-07 12:47:13,939 [Worker-44: Building] WARN  o.a.m.s.f.DefaultMavenResourcesFiltering - Using platform encoding (UTF-8 actually) to copy filtered resources, i.e. build is platform dependent!
2025-11-07 12:47:13,941 [Worker-44: Building] INFO  o.a.m.s.f.DefaultMavenResourcesFiltering - Copying 0 resource from src\main\resources to target\classes
2025-11-07 12:47:13,945 [Worker-44: Building] WARN  o.a.m.s.f.DefaultMavenResourcesFiltering - Using platform encoding (UTF-8 actually) to copy filtered resources, i.e. build is platform dependent!
2025-11-07 12:47:13,946 [Worker-44: Building] INFO  o.a.m.s.f.DefaultMavenResourcesFiltering - Copying 0 resource from src\test\resources to target\test-classes
2025-11-07 12:47:15,111 [Worker-48: Download sources and javadoc] INFO  o.e.m.c.i.e.AbstractTransferListenerAdapter - Downloading https://repo.maven.apache.org/maven2/org/apache/logging/log4j/log4j-core/2.22.0/log4j-core-2.22.0-sources.jar
2025-11-07 12:47:15,177 [Worker-55: Building] WARN  o.a.m.s.f.DefaultMavenResourcesFiltering - Using platform encoding (UTF-8 actually) to copy filtered resources, i.e. build is platform dependent!
2025-11-07 12:47:15,180 [Worker-55: Building] INFO  o.a.m.s.f.DefaultMavenResourcesFiltering - Copying 0 resource from src\main\resources to target\classes
2025-11-07 12:47:15,183 [Worker-55: Building] WARN  o.a.m.s.f.DefaultMavenResourcesFiltering - Using platform encoding (UTF-8 actually) to copy filtered resources, i.e. build is platform dependent!
2025-11-07 12:47:15,184 [Worker-55: Building] INFO  o.a.m.s.f.DefaultMavenResourcesFiltering - Copying 0 resource from src\test\resources to target\test-classes
2025-11-07 12:47:15,238 [Worker-48: Download sources and javadoc] INFO  o.e.m.c.i.e.AbstractTransferListenerAdapter - Downloaded https://repo.maven.apache.org/maven2/org/apache/logging/log4j/log4j-core/2.22.0/log4j-core-2.22.0-sources.jar
2025-11-07 12:47:15,244 [Worker-48: Download sources and javadoc] INFO  o.e.m.j.internal.DownloadSourcesJob - Downloaded sources for org.apache.logging.log4j:log4j-core:2.22.0
2025-11-07 12:47:15,397 [Worker-48: Download sources and javadoc] INFO  o.e.m.c.i.e.AbstractTransferListenerAdapter - Downloading https://repo.maven.apache.org/maven2/org/apache/logging/log4j/log4j-api/2.22.0/log4j-api-2.22.0-sources.jar
2025-11-07 12:47:15,488 [Worker-48: Download sources and javadoc] INFO  o.e.m.c.i.e.AbstractTransferListenerAdapter - Downloaded https://repo.maven.apache.org/maven2/org/apache/logging/log4j/log4j-api/2.22.0/log4j-api-2.22.0-sources.jar
2025-11-07 12:47:15,491 [Worker-48: Download sources and javadoc] INFO  o.e.m.j.internal.DownloadSourcesJob - Downloaded sources for org.apache.logging.log4j:log4j-api:2.22.0
2025-11-07 12:58:57,092 [Worker-44: Creating project "LoggingApp"] INFO  o.e.m.c.i.l.LifecycleMappingFactory - Using org.eclipse.m2e.jdt.JarLifecycleMapping lifecycle mapping for MavenProject: com.mav.LoggingApp:LoggingApp:0.0.1-SNAPSHOT @ C:\Users\sriha\eclipse-workspace\LoggingApp\pom.xml.
2025-11-07 12:58:57,150 [Worker-44: Creating project "LoggingApp"] INFO  o.e.m.j.i.AbstractJavaProjectConfigurator - Adding source folder /LoggingApp/src/main/java
2025-11-07 12:58:57,151 [Worker-44: Creating project "LoggingApp"] INFO  o.e.m.j.i.AbstractJavaProjectConfigurator - Adding resource folder /LoggingApp/src/main/resources
2025-11-07 12:58:57,151 [Worker-44: Creating project "LoggingApp"] INFO  o.e.m.j.i.AbstractJavaProjectConfigurator - Adding source folder /LoggingApp/src/test/java
2025-11-07 12:58:57,152 [Worker-44: Creating project "LoggingApp"] INFO  o.e.m.j.i.AbstractJavaProjectConfigurator - Adding resource folder /LoggingApp/src/test/resources
2025-11-07 12:58:57,362 [Worker-58: Building] WARN  o.a.m.s.f.DefaultMavenResourcesFiltering - Using platform encoding (UTF-8 actually) to copy filtered resources, i.e. build is platform dependent!
2025-11-07 12:58:57,364 [Worker-58: Building] INFO  o.a.m.s.f.DefaultMavenResourcesFiltering - Copying 0 resource from src\main\resources to target\classes
2025-11-07 12:58:57,365 [Worker-58: Building] WARN  o.a.m.s.f.DefaultMavenResourcesFiltering - Using platform encoding (UTF-8 actually) to copy filtered resources, i.e. build is platform dependent!
2025-11-07 12:58:57,367 [Worker-58: Building] INFO  o.a.m.s.f.DefaultMavenResourcesFiltering - Copying 0 resource from src\test\resources to target\test-classes
2025-11-07 13:00:01,326 [Worker-44: Building] INFO  o.e.m.c.i.l.LifecycleMappingFactory - Using org.eclipse.m2e.jdt.JarLifecycleMapping lifecycle mapping for MavenProject: com.mav.LoggingApp:LoggingApp:0.0.1-SNAPSHOT @ C:\Users\sriha\eclipse-workspace\LoggingApp\pom.xml.
2025-11-07 13:00:01,522 [Worker-44: Building] WARN  o.a.m.s.f.DefaultMavenResourcesFiltering - Using platform encoding (UTF-8 actually) to copy filtered resources, i.e. build is platform dependent!
2025-11-07 13:00:01,525 [Worker-44: Building] INFO  o.a.m.s.f.DefaultMavenResourcesFiltering - Copying 0 resource from src\main\resources to target\classes
2025-11-07 13:00:01,527 [Worker-44: Building] WARN  o.a.m.s.f.DefaultMavenResourcesFiltering - Using platform encoding (UTF-8 actually) to copy filtered resources, i.e. build is platform dependent!
2025-11-07 13:00:01,528 [Worker-44: Building] INFO  o.a.m.s.f.DefaultMavenResourcesFiltering - Copying 0 resource from src\test\resources to target\test-classes
2025-11-07 13:00:02,739 [Worker-44: Building] WARN  o.a.m.s.f.DefaultMavenResourcesFiltering - Using platform encoding (UTF-8 actually) to copy filtered resources, i.e. build is platform dependent!
2025-11-07 13:00:02,740 [Worker-44: Building] INFO  o.a.m.s.f.DefaultMavenResourcesFiltering - Copying 0 resource from src\main\resources to target\classes
2025-11-07 13:00:02,743 [Worker-44: Building] WARN  o.a.m.s.f.DefaultMavenResourcesFiltering - Using platform encoding (UTF-8 actually) to copy filtered resources, i.e. build is platform dependent!
2025-11-07 13:00:02,745 [Worker-44: Building] INFO  o.a.m.s.f.DefaultMavenResourcesFiltering - Copying 0 resource from src\test\resources to target\test-classes
2025-11-07 13:00:12,701 [Worker-59: Launching Executing clean in C__Users_sriha_eclipse-workspace_LoggingApp] INFO  o.eclipse.m2e.core.internal.Bundles - getClasspathEntries(Bundle=org.eclipse.m2e.maven.runtime_3.9.700.20240602-2313 [645])
2025-11-07 13:00:12,705 [Worker-59: Launching Executing clean in C__Users_sriha_eclipse-workspace_LoggingApp] INFO  o.eclipse.m2e.core.internal.Bundles - 	Entry: C:\Users\sriha\Downloads\eclipse-jee-2024-06-R-win32-x86_64\eclipse\plugins\org.eclipse.m2e.maven.runtime_3.9.700.20240602-2313
2025-11-07 13:00:12,705 [Worker-59: Launching Executing clean in C__Users_sriha_eclipse-workspace_LoggingApp] INFO  o.eclipse.m2e.core.internal.Bundles - 	Entry: C:\Users\sriha\Downloads\eclipse-jee-2024-06-R-win32-x86_64\eclipse\plugins\org.eclipse.m2e.maven.runtime_3.9.700.20240602-2313\jars\aopalliance-1.0.jar
2025-11-07 13:00:12,706 [Worker-59: Launching Executing clean in C__Users_sriha_eclipse-workspace_LoggingApp] INFO  o.eclipse.m2e.core.internal.Bundles - 	Entry: C:\Users\sriha\Downloads\eclipse-jee-2024-06-R-win32-x86_64\eclipse\plugins\org.eclipse.m2e.maven.runtime_3.9.700.20240602-2313\jars\guice-5.1.0.jar
2025-11-07 13:00:12,707 [Worker-59: Launching Executing clean in C__Users_sriha_eclipse-workspace_LoggingApp] INFO  o.eclipse.m2e.core.internal.Bundles - 	Entry: C:\Users\sriha\Downloads\eclipse-jee-2024-06-R-win32-x86_64\eclipse\plugins\org.eclipse.m2e.maven.runtime_3.9.700.20240602-2313\jars\httpclient-4.5.14.jar
2025-11-07 13:00:12,707 [Worker-59: Launching Executing clean in C__Users_sriha_eclipse-workspace_LoggingApp] INFO  o.eclipse.m2e.core.internal.Bundles - 	Entry: C:\Users\sriha\Downloads\eclipse-jee-2024-06-R-win32-x86_64\eclipse\plugins\org.eclipse.m2e.maven.runtime_3.9.700.20240602-2313\jars\httpcore-4.4.16.jar
2025-11-07 13:00:12,707 [Worker-59: Launching Executing clean in C__Users_sriha_eclipse-workspace_LoggingApp] INFO  o.eclipse.m2e.core.internal.Bundles - 	Entry: C:\Users\sriha\Downloads\eclipse-jee-2024-06-R-win32-x86_64\eclipse\plugins\org.eclipse.m2e.maven.runtime_3.9.700.20240602-2313\jars\jansi-2.4.1.jar
2025-11-07 13:00:12,707 [Worker-59: Launching Executing clean in C__Users_sriha_eclipse-workspace_LoggingApp] INFO  o.eclipse.m2e.core.internal.Bundles - 	Entry: C:\Users\sriha\Downloads\eclipse-jee-2024-06-R-win32-x86_64\eclipse\plugins\org.eclipse.m2e.maven.runtime_3.9.700.20240602-2313\jars\jcl-over-slf4j-1.7.36.jar
2025-11-07 13:00:12,708 [Worker-59: Launching Executing clean in C__Users_sriha_eclipse-workspace_LoggingApp] INFO  o.eclipse.m2e.core.internal.Bundles - 	Entry: C:\Users\sriha\Downloads\eclipse-jee-2024-06-R-win32-x86_64\eclipse\plugins\org.eclipse.m2e.maven.runtime_3.9.700.20240602-2313\jars\maven-artifact-3.9.7.jar
2025-11-07 13:00:12,708 [Worker-59: Launching Executing clean in C__Users_sriha_eclipse-workspace_LoggingApp] INFO  o.eclipse.m2e.core.internal.Bundles - 	Entry: C:\Users\sriha\Downloads\eclipse-jee-2024-06-R-win32-x86_64\eclipse\plugins\org.eclipse.m2e.maven.runtime_3.9.700.20240602-2313\jars\maven-builder-support-3.9.7.jar
2025-11-07 13:00:12,709 [Worker-59: Launching Executing clean in C__Users_sriha_eclipse-workspace_LoggingApp] INFO  o.eclipse.m2e.core.internal.Bundles - 	Entry: C:\Users\sriha\Downloads\eclipse-jee-2024-06-R-win32-x86_64\eclipse\plugins\org.eclipse.m2e.maven.runtime_3.9.700.20240602-2313\jars\maven-compat-3.9.7.jar
2025-11-07 13:00:12,709 [Worker-59: Launching Executing clean in C__Users_sriha_eclipse-workspace_LoggingApp] INFO  o.eclipse.m2e.core.internal.Bundles - 	Entry: C:\Users\sriha\Downloads\eclipse-jee-2024-06-R-win32-x86_64\eclipse\plugins\org.eclipse.m2e.maven.runtime_3.9.700.20240602-2313\jars\maven-core-3.9.7.jar
2025-11-07 13:00:12,709 [Worker-59: Launching Executing clean in C__Users_sriha_eclipse-workspace_LoggingApp] INFO  o.eclipse.m2e.core.internal.Bundles - 	Entry: C:\Users\sriha\Downloads\eclipse-jee-2024-06-R-win32-x86_64\eclipse\plugins\org.eclipse.m2e.maven.runtime_3.9.700.20240602-2313\jars\maven-embedder-3.9.7.jar
2025-11-07 13:00:12,710 [Worker-59: Launching Executing clean in C__Users_sriha_eclipse-workspace_LoggingApp] INFO  o.eclipse.m2e.core.internal.Bundles - 	Entry: C:\Users\sriha\Downloads\eclipse-jee-2024-06-R-win32-x86_64\eclipse\plugins\org.eclipse.m2e.maven.runtime_3.9.700.20240602-2313\jars\maven-model-3.9.7.jar
2025-11-07 13:00:12,710 [Worker-59: Launching Executing clean in C__Users_sriha_eclipse-workspace_LoggingApp] INFO  o.eclipse.m2e.core.internal.Bundles - 	Entry: C:\Users\sriha\Downloads\eclipse-jee-2024-06-R-win32-x86_64\eclipse\plugins\org.eclipse.m2e.maven.runtime_3.9.700.20240602-2313\jars\maven-model-builder-3.9.7.jar
2025-11-07 13:00:12,710 [Worker-59: Launching Executing clean in C__Users_sriha_eclipse-workspace_LoggingApp] INFO  o.eclipse.m2e.core.internal.Bundles - 	Entry: C:\Users\sriha\Downloads\eclipse-jee-2024-06-R-win32-x86_64\eclipse\plugins\org.eclipse.m2e.maven.runtime_3.9.700.20240602-2313\jars\maven-plugin-api-3.9.7.jar
2025-11-07 13:00:12,710 [Worker-59: Launching Executing clean in C__Users_sriha_eclipse-workspace_LoggingApp] INFO  o.eclipse.m2e.core.internal.Bundles - 	Entry: C:\Users\sriha\Downloads\eclipse-jee-2024-06-R-win32-x86_64\eclipse\plugins\org.eclipse.m2e.maven.runtime_3.9.700.20240602-2313\jars\maven-repository-metadata-3.9.7.jar
2025-11-07 13:00:12,710 [Worker-59: Launching Executing clean in C__Users_sriha_eclipse-workspace_LoggingApp] INFO  o.eclipse.m2e.core.internal.Bundles - 	Entry: C:\Users\sriha\Downloads\eclipse-jee-2024-06-R-win32-x86_64\eclipse\plugins\org.eclipse.m2e.maven.runtime_3.9.700.20240602-2313\jars\maven-resolver-api-1.9.20.jar
2025-11-07 13:00:12,710 [Worker-59: Launching Executing clean in C__Users_sriha_eclipse-workspace_LoggingApp] INFO  o.eclipse.m2e.core.internal.Bundles - 	Entry: C:\Users\sriha\Downloads\eclipse-jee-2024-06-R-win32-x86_64\eclipse\plugins\org.eclipse.m2e.maven.runtime_3.9.700.20240602-2313\jars\maven-resolver-connector-basic-1.9.20.jar
2025-11-07 13:00:12,710 [Worker-59: Launching Executing clean in C__Users_sriha_eclipse-workspace_LoggingApp] INFO  o.eclipse.m2e.core.internal.Bundles - 	Entry: C:\Users\sriha\Downloads\eclipse-jee-2024-06-R-win32-x86_64\eclipse\plugins\org.eclipse.m2e.maven.runtime_3.9.700.20240602-2313\jars\maven-resolver-impl-1.9.20.jar
2025-11-07 13:00:12,711 [Worker-59: Launching Executing clean in C__Users_sriha_eclipse-workspace_LoggingApp] INFO  o.eclipse.m2e.core.internal.Bundles - 	Entry: C:\Users\sriha\Downloads\eclipse-jee-2024-06-R-win32-x86_64\eclipse\plugins\org.eclipse.m2e.maven.runtime_3.9.700.20240602-2313\jars\maven-resolver-named-locks-1.9.20.jar
2025-11-07 13:00:12,711 [Worker-59: Launching Executing clean in C__Users_sriha_eclipse-workspace_LoggingApp] INFO  o.eclipse.m2e.core.internal.Bundles - 	Entry: C:\Users\sriha\Downloads\eclipse-jee-2024-06-R-win32-x86_64\eclipse\plugins\org.eclipse.m2e.maven.runtime_3.9.700.20240602-2313\jars\maven-resolver-provider-3.9.7.jar
2025-11-07 13:00:12,711 [Worker-59: Launching Executing clean in C__Users_sriha_eclipse-workspace_LoggingApp] INFO  o.eclipse.m2e.core.internal.Bundles - 	Entry: C:\Users\sriha\Downloads\eclipse-jee-2024-06-R-win32-x86_64\eclipse\plugins\org.eclipse.m2e.maven.runtime_3.9.700.20240602-2313\jars\maven-resolver-spi-1.9.20.jar
2025-11-07 13:00:12,711 [Worker-59: Launching Executing clean in C__Users_sriha_eclipse-workspace_LoggingApp] INFO  o.eclipse.m2e.core.internal.Bundles - 	Entry: C:\Users\sriha\Downloads\eclipse-jee-2024-06-R-win32-x86_64\eclipse\plugins\org.eclipse.m2e.maven.runtime_3.9.700.20240602-2313\jars\maven-resolver-transport-file-1.9.20.jar
2025-11-07 13:00:12,712 [Worker-59: Launching Executing clean in C__Users_sriha_eclipse-workspace_LoggingApp] INFO  o.eclipse.m2e.core.internal.Bundles - 	Entry: C:\Users\sriha\Downloads\eclipse-jee-2024-06-R-win32-x86_64\eclipse\plugins\org.eclipse.m2e.maven.runtime_3.9.700.20240602-2313\jars\maven-resolver-transport-http-1.9.20.jar
2025-11-07 13:00:12,712 [Worker-59: Launching Executing clean in C__Users_sriha_eclipse-workspace_LoggingApp] INFO  o.eclipse.m2e.core.internal.Bundles - 	Entry: C:\Users\sriha\Downloads\eclipse-jee-2024-06-R-win32-x86_64\eclipse\plugins\org.eclipse.m2e.maven.runtime_3.9.700.20240602-2313\jars\maven-resolver-transport-wagon-1.9.20.jar
2025-11-07 13:00:12,712 [Worker-59: Launching Executing clean in C__Users_sriha_eclipse-workspace_LoggingApp] INFO  o.eclipse.m2e.core.internal.Bundles - 	Entry: C:\Users\sriha\Downloads\eclipse-jee-2024-06-R-win32-x86_64\eclipse\plugins\org.eclipse.m2e.maven.runtime_3.9.700.20240602-2313\jars\maven-resolver-util-1.9.20.jar
2025-11-07 13:00:12,712 [Worker-59: Launching Executing clean in C__Users_sriha_eclipse-workspace_LoggingApp] INFO  o.eclipse.m2e.core.internal.Bundles - 	Entry: C:\Users\sriha\Downloads\eclipse-jee-2024-06-R-win32-x86_64\eclipse\plugins\org.eclipse.m2e.maven.runtime_3.9.700.20240602-2313\jars\maven-settings-3.9.7.jar
2025-11-07 13:00:12,712 [Worker-59: Launching Executing clean in C__Users_sriha_eclipse-workspace_LoggingApp] INFO  o.eclipse.m2e.core.internal.Bundles - 	Entry: C:\Users\sriha\Downloads\eclipse-jee-2024-06-R-win32-x86_64\eclipse\plugins\org.eclipse.m2e.maven.runtime_3.9.700.20240602-2313\jars\maven-settings-builder-3.9.7.jar
2025-11-07 13:00:12,713 [Worker-59: Launching Executing clean in C__Users_sriha_eclipse-workspace_LoggingApp] INFO  o.eclipse.m2e.core.internal.Bundles - 	Entry: C:\Users\sriha\Downloads\eclipse-jee-2024-06-R-win32-x86_64\eclipse\plugins\org.eclipse.m2e.maven.runtime_3.9.700.20240602-2313\jars\maven-shared-utils-3.4.2.jar
2025-11-07 13:00:12,713 [Worker-59: Launching Executing clean in C__Users_sriha_eclipse-workspace_LoggingApp] INFO  o.eclipse.m2e.core.internal.Bundles - 	Entry: C:\Users\sriha\Downloads\eclipse-jee-2024-06-R-win32-x86_64\eclipse\plugins\org.eclipse.m2e.maven.runtime_3.9.700.20240602-2313\jars\org.eclipse.sisu.inject-0.9.0.M2.jar
2025-11-07 13:00:12,713 [Worker-59: Launching Executing clean in C__Users_sriha_eclipse-workspace_LoggingApp] INFO  o.eclipse.m2e.core.internal.Bundles - 	Entry: C:\Users\sriha\Downloads\eclipse-jee-2024-06-R-win32-x86_64\eclipse\plugins\org.eclipse.m2e.maven.runtime_3.9.700.20240602-2313\jars\org.eclipse.sisu.plexus-0.9.0.M2.jar
2025-11-07 13:00:12,713 [Worker-59: Launching Executing clean in C__Users_sriha_eclipse-workspace_LoggingApp] INFO  o.eclipse.m2e.core.internal.Bundles - 	Entry: C:\Users\sriha\Downloads\eclipse-jee-2024-06-R-win32-x86_64\eclipse\plugins\org.eclipse.m2e.maven.runtime_3.9.700.20240602-2313\jars\plexus-build-api-0.0.7.jar
2025-11-07 13:00:12,713 [Worker-59: Launching Executing clean in C__Users_sriha_eclipse-workspace_LoggingApp] INFO  o.eclipse.m2e.core.internal.Bundles - 	Entry: C:\Users\sriha\Downloads\eclipse-jee-2024-06-R-win32-x86_64\eclipse\plugins\org.eclipse.m2e.maven.runtime_3.9.700.20240602-2313\jars\plexus-build-api-1.2.0.jar
2025-11-07 13:00:12,713 [Worker-59: Launching Executing clean in C__Users_sriha_eclipse-workspace_LoggingApp] INFO  o.eclipse.m2e.core.internal.Bundles - 	Entry: C:\Users\sriha\Downloads\eclipse-jee-2024-06-R-win32-x86_64\eclipse\plugins\org.eclipse.m2e.maven.runtime_3.9.700.20240602-2313\jars\plexus-cipher-2.0.jar
2025-11-07 13:00:12,713 [Worker-59: Launching Executing clean in C__Users_sriha_eclipse-workspace_LoggingApp] INFO  o.eclipse.m2e.core.internal.Bundles - 	Entry: C:\Users\sriha\Downloads\eclipse-jee-2024-06-R-win32-x86_64\eclipse\plugins\org.eclipse.m2e.maven.runtime_3.9.700.20240602-2313\jars\plexus-classworlds-2.8.0.jar
2025-11-07 13:00:12,713 [Worker-59: Launching Executing clean in C__Users_sriha_eclipse-workspace_LoggingApp] INFO  o.eclipse.m2e.core.internal.Bundles - 	Entry: C:\Users\sriha\Downloads\eclipse-jee-2024-06-R-win32-x86_64\eclipse\plugins\org.eclipse.m2e.maven.runtime_3.9.700.20240602-2313\jars\plexus-component-annotations-2.1.0.jar
2025-11-07 13:00:12,714 [Worker-59: Launching Executing clean in C__Users_sriha_eclipse-workspace_LoggingApp] INFO  o.eclipse.m2e.core.internal.Bundles - 	Entry: C:\Users\sriha\Downloads\eclipse-jee-2024-06-R-win32-x86_64\eclipse\plugins\org.eclipse.m2e.maven.runtime_3.9.700.20240602-2313\jars\plexus-interpolation-1.27.jar
2025-11-07 13:00:12,714 [Worker-59: Launching Executing clean in C__Users_sriha_eclipse-workspace_LoggingApp] INFO  o.eclipse.m2e.core.internal.Bundles - 	Entry: C:\Users\sriha\Downloads\eclipse-jee-2024-06-R-win32-x86_64\eclipse\plugins\org.eclipse.m2e.maven.runtime_3.9.700.20240602-2313\jars\plexus-sec-dispatcher-2.0.jar
2025-11-07 13:00:12,714 [Worker-59: Launching Executing clean in C__Users_sriha_eclipse-workspace_LoggingApp] INFO  o.eclipse.m2e.core.internal.Bundles - 	Entry: C:\Users\sriha\Downloads\eclipse-jee-2024-06-R-win32-x86_64\eclipse\plugins\org.eclipse.m2e.maven.runtime_3.9.700.20240602-2313\jars\plexus-utils-3.5.1.jar
2025-11-07 13:00:12,714 [Worker-59: Launching Executing clean in C__Users_sriha_eclipse-workspace_LoggingApp] INFO  o.eclipse.m2e.core.internal.Bundles - 	Entry: C:\Users\sriha\Downloads\eclipse-jee-2024-06-R-win32-x86_64\eclipse\plugins\org.eclipse.m2e.maven.runtime_3.9.700.20240602-2313\jars\wagon-file-3.5.3.jar
2025-11-07 13:00:12,715 [Worker-59: Launching Executing clean in C__Users_sriha_eclipse-workspace_LoggingApp] INFO  o.eclipse.m2e.core.internal.Bundles - 	Entry: C:\Users\sriha\Downloads\eclipse-jee-2024-06-R-win32-x86_64\eclipse\plugins\org.eclipse.m2e.maven.runtime_3.9.700.20240602-2313\jars\wagon-http-3.5.3.jar
2025-11-07 13:00:12,715 [Worker-59: Launching Executing clean in C__Users_sriha_eclipse-workspace_LoggingApp] INFO  o.eclipse.m2e.core.internal.Bundles - 	Entry: C:\Users\sriha\Downloads\eclipse-jee-2024-06-R-win32-x86_64\eclipse\plugins\org.eclipse.m2e.maven.runtime_3.9.700.20240602-2313\jars\wagon-http-shared-3.5.3.jar
2025-11-07 13:00:12,716 [Worker-59: Launching Executing clean in C__Users_sriha_eclipse-workspace_LoggingApp] INFO  o.eclipse.m2e.core.internal.Bundles - 	Entry: C:\Users\sriha\Downloads\eclipse-jee-2024-06-R-win32-x86_64\eclipse\plugins\org.eclipse.m2e.maven.runtime_3.9.700.20240602-2313\jars\wagon-provider-api-3.5.3.jar
2025-11-07 13:00:12,717 [Worker-59: Launching Executing clean in C__Users_sriha_eclipse-workspace_LoggingApp] INFO  o.eclipse.m2e.core.internal.Bundles - getClasspathEntries(Bundle=com.google.guava_33.2.0.jre [16])
2025-11-07 13:00:12,718 [Worker-59: Launching Executing clean in C__Users_sriha_eclipse-workspace_LoggingApp] INFO  o.eclipse.m2e.core.internal.Bundles - 	Entry: C:\Users\sriha\Downloads\eclipse-jee-2024-06-R-win32-x86_64\eclipse\plugins\com.google.guava_33.2.0.jre.jar
2025-11-07 13:00:12,718 [Worker-59: Launching Executing clean in C__Users_sriha_eclipse-workspace_LoggingApp] INFO  o.eclipse.m2e.core.internal.Bundles - getClasspathEntries(Bundle=slf4j.api_2.0.13 [1010])
2025-11-07 13:00:12,718 [Worker-59: Launching Executing clean in C__Users_sriha_eclipse-workspace_LoggingApp] INFO  o.eclipse.m2e.core.internal.Bundles - 	Entry: C:\Users\sriha\Downloads\eclipse-jee-2024-06-R-win32-x86_64\eclipse\plugins\slf4j.api_2.0.13.jar
2025-11-07 13:00:12,718 [Worker-59: Launching Executing clean in C__Users_sriha_eclipse-workspace_LoggingApp] INFO  o.eclipse.m2e.core.internal.Bundles - getClasspathEntries(Bundle=jakarta.inject.jakarta.inject-api_1.0.5 [33])
2025-11-07 13:00:12,718 [Worker-59: Launching Executing clean in C__Users_sriha_eclipse-workspace_LoggingApp] INFO  o.eclipse.m2e.core.internal.Bundles - 	Entry: C:\Users\sriha\Downloads\eclipse-jee-2024-06-R-win32-x86_64\eclipse\plugins\jakarta.inject.jakarta.inject-api_1.0.5.jar
2025-11-07 13:00:12,718 [Worker-59: Launching Executing clean in C__Users_sriha_eclipse-workspace_LoggingApp] INFO  o.eclipse.m2e.core.internal.Bundles - getClasspathEntries(Bundle=javax.annotation_1.3.5.v20200909-1856 [44])
2025-11-07 13:00:12,718 [Worker-59: Launching Executing clean in C__Users_sriha_eclipse-workspace_LoggingApp] INFO  o.eclipse.m2e.core.internal.Bundles - 	Entry: C:\Users\sriha\Downloads\eclipse-jee-2024-06-R-win32-x86_64\eclipse\plugins\javax.annotation_1.3.5.v20200909-1856.jar
2025-11-07 13:00:12,719 [Worker-59: Launching Executing clean in C__Users_sriha_eclipse-workspace_LoggingApp] INFO  o.eclipse.m2e.core.internal.Bundles - getClasspathEntries(Bundle=org.apache.commons.cli_1.8.0 [78])
2025-11-07 13:00:12,719 [Worker-59: Launching Executing clean in C__Users_sriha_eclipse-workspace_LoggingApp] INFO  o.eclipse.m2e.core.internal.Bundles - 	Entry: C:\Users\sriha\Downloads\eclipse-jee-2024-06-R-win32-x86_64\eclipse\plugins\org.apache.commons.cli_1.8.0.jar
2025-11-07 13:00:12,719 [Worker-59: Launching Executing clean in C__Users_sriha_eclipse-workspace_LoggingApp] INFO  o.eclipse.m2e.core.internal.Bundles - getClasspathEntries(Bundle=org.apache.commons.commons-codec_1.16.0 [81])
2025-11-07 13:00:12,719 [Worker-59: Launching Executing clean in C__Users_sriha_eclipse-workspace_LoggingApp] INFO  o.eclipse.m2e.core.internal.Bundles - 	Entry: C:\Users\sriha\Downloads\eclipse-jee-2024-06-R-win32-x86_64\eclipse\plugins\org.apache.commons.commons-codec_1.16.0.jar
2025-11-07 13:00:12,719 [Worker-59: Launching Executing clean in C__Users_sriha_eclipse-workspace_LoggingApp] INFO  o.eclipse.m2e.core.internal.Bundles - getClasspathEntries(Bundle=org.apache.commons.lang3_3.14.0 [89])
2025-11-07 13:00:12,719 [Worker-59: Launching Executing clean in C__Users_sriha_eclipse-workspace_LoggingApp] INFO  o.eclipse.m2e.core.internal.Bundles - 	Entry: C:\Users\sriha\Downloads\eclipse-jee-2024-06-R-win32-x86_64\eclipse\plugins\org.apache.commons.lang3_3.14.0.jar
2025-11-07 13:00:12,719 [Worker-59: Launching Executing clean in C__Users_sriha_eclipse-workspace_LoggingApp] INFO  o.eclipse.m2e.core.internal.Bundles - getClasspathEntries(Bundle=com.google.guava.failureaccess_1.0.2 [17])
2025-11-07 13:00:12,720 [Worker-59: Launching Executing clean in C__Users_sriha_eclipse-workspace_LoggingApp] INFO  o.eclipse.m2e.core.internal.Bundles - 	Entry: C:\Users\sriha\Downloads\eclipse-jee-2024-06-R-win32-x86_64\eclipse\plugins\com.google.guava.failureaccess_1.0.2.jar
2025-11-07 13:00:12,725 [Worker-59: Launching Executing clean in C__Users_sriha_eclipse-workspace_LoggingApp] INFO  o.e.m.i.launch.MavenLaunchDelegate - Run build in "C:\Users\sriha\eclipse-workspace\LoggingApp":
2025-11-07 13:00:12,726 [Worker-59: Launching Executing clean in C__Users_sriha_eclipse-workspace_LoggingApp] INFO  o.e.m.i.launch.MavenLaunchDelegate -  mvn  -B -Dstyle.color=always clean
2025-11-07 13:00:16,392 [Worker-59: Building] WARN  o.a.m.s.f.DefaultMavenResourcesFiltering - Using platform encoding (UTF-8 actually) to copy filtered resources, i.e. build is platform dependent!
2025-11-07 13:00:16,394 [Worker-59: Building] INFO  o.a.m.s.f.DefaultMavenResourcesFiltering - Copying 0 resource from src\main\resources to target\classes
2025-11-07 13:00:16,398 [Worker-59: Building] WARN  o.a.m.s.f.DefaultMavenResourcesFiltering - Using platform encoding (UTF-8 actually) to copy filtered resources, i.e. build is platform dependent!
2025-11-07 13:00:16,399 [Worker-59: Building] INFO  o.a.m.s.f.DefaultMavenResourcesFiltering - Copying 0 resource from src\test\resources to target\test-classes
2025-11-07 13:00:42,333 [main] INFO  o.e.m2e.actions.ExecutePomAction - Creating new launch configuration
2025-11-07 13:06:09,948 [Worker-61: Updating Maven Project] INFO  o.e.m.c.i.p.ProjectConfigurationManager - Update started
2025-11-07 13:06:09,997 [Worker-61: Updating Maven Project] INFO  o.e.m.c.i.l.LifecycleMappingFactory - Using org.eclipse.m2e.jdt.JarLifecycleMapping lifecycle mapping for MavenProject: com.mav.LoggingApp:LoggingApp:0.0.1-SNAPSHOT @ C:\Users\sriha\eclipse-workspace\LoggingApp\pom.xml.
2025-11-07 13:06:10,082 [Worker-61: Updating Maven Project] INFO  o.e.m.j.i.AbstractJavaProjectConfigurator - Adding source folder /LoggingApp/src/main/java
2025-11-07 13:06:10,083 [Worker-61: Updating Maven Project] INFO  o.e.m.j.i.AbstractJavaProjectConfigurator - Adding resource folder /LoggingApp/src/main/resources
2025-11-07 13:06:10,084 [Worker-61: Updating Maven Project] INFO  o.e.m.j.i.AbstractJavaProjectConfigurator - Adding source folder /LoggingApp/src/test/java
2025-11-07 13:06:10,084 [Worker-61: Updating Maven Project] INFO  o.e.m.j.i.AbstractJavaProjectConfigurator - Adding resource folder /LoggingApp/src/test/resources
2025-11-07 13:06:10,126 [Worker-61: Updating Maven Project] INFO  o.e.m.c.i.p.ProjectConfigurationManager - Update completed for 1 poms: local refresh takes 0.00 sec, refresh facades takes 0.00 sec, update config takes 0.00 sec 
2025-11-07 13:06:10,264 [Worker-62: Building] WARN  o.a.m.s.f.DefaultMavenResourcesFiltering - Using platform encoding (UTF-8 actually) to copy filtered resources, i.e. build is platform dependent!
2025-11-07 13:06:10,265 [Worker-62: Building] INFO  o.a.m.s.f.DefaultMavenResourcesFiltering - Copying 0 resource from src\main\resources to target\classes
2025-11-07 13:06:10,267 [Worker-62: Building] WARN  o.a.m.s.f.DefaultMavenResourcesFiltering - Using platform encoding (UTF-8 actually) to copy filtered resources, i.e. build is platform dependent!
2025-11-07 13:06:10,268 [Worker-62: Building] INFO  o.a.m.s.f.DefaultMavenResourcesFiltering - Copying 0 resource from src\test\resources to target\test-classes
2025-11-07 13:11:17,847 [Worker-66: Building] WARN  o.a.m.s.f.DefaultMavenResourcesFiltering - Using platform encoding (UTF-8 actually) to copy filtered resources, i.e. build is platform dependent!
2025-11-07 13:11:17,849 [Worker-66: Building] INFO  o.a.m.s.f.DefaultMavenResourcesFiltering - Copying 1 resource from src\main\resources to target\classes
2025-11-07 13:11:17,865 [Worker-66: Building] WARN  o.a.m.s.f.DefaultMavenResourcesFiltering - Using platform encoding (UTF-8 actually) to copy filtered resources, i.e. build is platform dependent!
2025-11-07 13:11:17,869 [Worker-66: Building] INFO  o.a.m.s.f.DefaultMavenResourcesFiltering - Copying 0 resource from src\test\resources to target\test-classes
2025-11-07 13:12:30,202 [Worker-4: Loading available Gradle versions] INFO  o.e.b.c.i.u.g.PublishedGradleVersions - Gradle version information cache is up-to-date. Trying to read.
2025-11-12 11:01:29,040 [Worker-1: Loading available Gradle versions] INFO  o.e.b.c.i.u.g.PublishedGradleVersions - Gradle version information cache is out-of-date. Trying to update.
2025-11-12 11:08:29,761 [Worker-3: Building] WARN  o.a.m.s.f.DefaultMavenResourcesFiltering - Using platform encoding (UTF-8 actually) to copy filtered resources, i.e. build is platform dependent!
2025-11-12 11:08:29,769 [Worker-3: Building] INFO  o.a.m.s.f.DefaultMavenResourcesFiltering - Copying 0 resource from src\main\resources to target\classes
2025-11-12 11:08:29,776 [Worker-3: Building] WARN  o.a.m.s.f.DefaultMavenResourcesFiltering - Using platform encoding (UTF-8 actually) to copy filtered resources, i.e. build is platform dependent!
2025-11-12 11:08:29,779 [Worker-3: Building] INFO  o.a.m.s.f.DefaultMavenResourcesFiltering - Copying 0 resource from src\test\resources to target\test-classes
2025-11-12 11:08:32,189 [Worker-3: Building] WARN  o.a.m.s.f.DefaultMavenResourcesFiltering - Using platform encoding (UTF-8 actually) to copy filtered resources, i.e. build is platform dependent!
2025-11-12 11:08:32,193 [Worker-3: Building] INFO  o.a.m.s.f.DefaultMavenResourcesFiltering - Copying 1 resource from src\main\resources to target\classes
2025-11-12 11:08:32,204 [Worker-3: Building] WARN  o.a.m.s.f.DefaultMavenResourcesFiltering - Using platform encoding (UTF-8 actually) to copy filtered resources, i.e. build is platform dependent!
2025-11-12 11:08:32,206 [Worker-3: Building] INFO  o.a.m.s.f.DefaultMavenResourcesFiltering - Copying 0 resource from src\test\resources to target\test-classes
2025-11-12 11:08:32,370 [Worker-3: Building] WARN  o.a.m.s.f.DefaultMavenResourcesFiltering - Using platform encoding (UTF-8 actually) to copy filtered resources, i.e. build is platform dependent!
2025-11-12 11:08:32,371 [Worker-3: Building] INFO  o.a.m.s.f.DefaultMavenResourcesFiltering - Copying 0 resource from src\main\resources to target\classes
2025-11-12 11:08:32,375 [Worker-3: Building] WARN  o.a.m.s.f.DefaultMavenResourcesFiltering - Using platform encoding (UTF-8 actually) to copy filtered resources, i.e. build is platform dependent!
2025-11-12 11:08:32,378 [Worker-3: Building] INFO  o.a.m.s.f.DefaultMavenResourcesFiltering - Copying 0 resource from src\test\resources to target\test-classes
2025-11-13 09:53:13,955 [Worker-7: Loading available Gradle versions] INFO  o.e.b.c.i.u.g.PublishedGradleVersions - Gradle version information cache is up-to-date. Trying to read.
2025-11-13 14:15:08,311 [Worker-7: Loading available Gradle versions] INFO  o.e.b.c.i.u.g.PublishedGradleVersions - Gradle version information cache is out-of-date. Trying to update.
2025-11-13 14:16:06,209 [Worker-7: Building] WARN  o.a.m.s.f.DefaultMavenResourcesFiltering - Using platform encoding (UTF-8 actually) to copy filtered resources, i.e. build is platform dependent!
2025-11-13 14:16:06,216 [Worker-7: Building] INFO  o.a.m.s.f.DefaultMavenResourcesFiltering - Copying 0 resource from src\main\resources to target\classes
2025-11-13 14:16:06,221 [Worker-7: Building] WARN  o.a.m.s.f.DefaultMavenResourcesFiltering - Using platform encoding (UTF-8 actually) to copy filtered resources, i.e. build is platform dependent!
2025-11-13 14:16:06,222 [Worker-7: Building] INFO  o.a.m.s.f.DefaultMavenResourcesFiltering - Copying 0 resource from src\test\resources to target\test-classes
2025-11-13 14:16:07,706 [Worker-7: Building] WARN  o.a.m.s.f.DefaultMavenResourcesFiltering - Using platform encoding (UTF-8 actually) to copy filtered resources, i.e. build is platform dependent!
2025-11-13 14:16:07,708 [Worker-7: Building] INFO  o.a.m.s.f.DefaultMavenResourcesFiltering - Copying 1 resource from src\main\resources to target\classes
2025-11-13 14:16:07,717 [Worker-7: Building] WARN  o.a.m.s.f.DefaultMavenResourcesFiltering - Using platform encoding (UTF-8 actually) to copy filtered resources, i.e. build is platform dependent!
2025-11-13 14:16:07,719 [Worker-7: Building] INFO  o.a.m.s.f.DefaultMavenResourcesFiltering - Copying 0 resource from src\test\resources to target\test-classes
2025-11-13 14:16:07,841 [Worker-7: Building] WARN  o.a.m.s.f.DefaultMavenResourcesFiltering - Using platform encoding (UTF-8 actually) to copy filtered resources, i.e. build is platform dependent!
2025-11-13 14:16:07,842 [Worker-7: Building] INFO  o.a.m.s.f.DefaultMavenResourcesFiltering - Copying 0 resource from src\main\resources to target\classes
2025-11-13 14:16:07,845 [Worker-7: Building] WARN  o.a.m.s.f.DefaultMavenResourcesFiltering - Using platform encoding (UTF-8 actually) to copy filtered resources, i.e. build is platform dependent!
2025-11-13 14:16:07,846 [Worker-7: Building] INFO  o.a.m.s.f.DefaultMavenResourcesFiltering - Copying 0 resource from src\test\resources to target\test-classes
